[2020-07-17 20:01:10] development.ERROR: PDOException: SQLSTATE[HY000] [1049] Unknown database 'database' in /var/www/october/vendor/doctrine/dbal/lib/Doctrine/DBAL/Driver/PDOConnection.php:43
Stack trace:
#0 /var/www/october/vendor/doctrine/dbal/lib/Doctrine/DBAL/Driver/PDOConnection.php(43): PDO->__construct()
#1 /var/www/october/vendor/laravel/framework/src/Illuminate/Database/Connectors/Connector.php(64): Doctrine\DBAL\Driver\PDOConnection->__construct()
#2 /var/www/october/vendor/laravel/framework/src/Illuminate/Database/Connectors/Connector.php(43): Illuminate\Database\Connectors\Connector->createPdoConnection()
#3 /var/www/october/vendor/laravel/framework/src/Illuminate/Database/Connectors/MySqlConnector.php(24): Illuminate\Database\Connectors\Connector->createConnection()
#4 /var/www/october/vendor/october/rain/src/Database/Connectors/ConnectionFactory.php(29): Illuminate\Database\Connectors\MySqlConnector->connect()
#5 [internal function]: October\Rain\Database\Connectors\ConnectionFactory->October\Rain\Database\Connectors\{closure}()
#6 /var/www/october/vendor/laravel/framework/src/Illuminate/Database/Connection.php(915): call_user_func()
#7 /var/www/october/vendor/laravel/framework/src/Illuminate/Database/Connection.php(940): Illuminate\Database\Connection->getPdo()
#8 /var/www/october/vendor/laravel/framework/src/Illuminate/Database/Connection.php(399): Illuminate\Database\Connection->getReadPdo()
#9 /var/www/october/vendor/laravel/framework/src/Illuminate/Database/Connection.php(325): Illuminate\Database\Connection->getPdoForSelect()
#10 /var/www/october/vendor/laravel/framework/src/Illuminate/Database/Connection.php(657): Illuminate\Database\Connection->Illuminate\Database\{closure}()
#11 /var/www/october/vendor/laravel/framework/src/Illuminate/Database/Connection.php(624): Illuminate\Database\Connection->runQueryCallback()
#12 /var/www/october/vendor/laravel/framework/src/Illuminate/Database/Connection.php(333): Illuminate\Database\Connection->run()
#13 /var/www/october/vendor/laravel/framework/src/Illuminate/Database/Query/Builder.php(1719): Illuminate\Database\Connection->select()
#14 /var/www/october/vendor/laravel/framework/src/Illuminate/Database/Query/Builder.php(1704): Illuminate\Database\Query\Builder->runSelect()
#15 /var/www/october/vendor/october/rain/src/Database/QueryBuilder.php(122): Illuminate\Database\Query\Builder->get()
#16 /var/www/october/vendor/october/rain/src/Database/QueryBuilder.php(92): October\Rain\Database\QueryBuilder->getDuplicateCached()
#17 /var/www/october/vendor/laravel/framework/src/Illuminate/Database/Eloquent/Builder.php(481): October\Rain\Database\QueryBuilder->get()
#18 /var/www/october/vendor/laravel/framework/src/Illuminate/Database/Eloquent/Builder.php(465): Illuminate\Database\Eloquent\Builder->getModels()
#19 /var/www/october/vendor/laravel/framework/src/Illuminate/Database/Eloquent/Model.php(360): Illuminate\Database\Eloquent\Builder->get()
#20 /var/www/october/modules/system/classes/UpdateManager.php(222): Illuminate\Database\Eloquent\Model::all()
#21 /var/www/october/modules/system/console/OctoberUpdate.php(58): System\Classes\UpdateManager->requestUpdateList()
#22 [internal function]: System\Console\OctoberUpdate->handle()
#23 /var/www/october/vendor/laravel/framework/src/Illuminate/Container/BoundMethod.php(29): call_user_func_array()
#24 /var/www/october/vendor/laravel/framework/src/Illuminate/Container/BoundMethod.php(87): Illuminate\Container\BoundMethod::Illuminate\Container\{closure}()
#25 /var/www/october/vendor/laravel/framework/src/Illuminate/Container/BoundMethod.php(31): Illuminate\Container\BoundMethod::callBoundMethod()
#26 /var/www/october/vendor/laravel/framework/src/Illuminate/Container/Container.php(549): Illuminate\Container\BoundMethod::call()
#27 /var/www/october/vendor/laravel/framework/src/Illuminate/Console/Command.php(183): Illuminate\Container\Container->call()
#28 /var/www/october/vendor/symfony/console/Command/Command.php(255): Illuminate\Console\Command->execute()
#29 /var/www/october/vendor/laravel/framework/src/Illuminate/Console/Command.php(170): Symfony\Component\Console\Command\Command->run()
#30 /var/www/october/vendor/symfony/console/Application.php(987): Illuminate\Console\Command->run()
#31 /var/www/october/vendor/symfony/console/Application.php(255): Symfony\Component\Console\Application->doRunCommand()
#32 /var/www/october/vendor/symfony/console/Application.php(148): Symfony\Component\Console\Application->doRun()
#33 /var/www/october/vendor/laravel/framework/src/Illuminate/Console/Application.php(88): Symfony\Component\Console\Application->run()
#34 /var/www/october/vendor/laravel/framework/src/Illuminate/Foundation/Console/Kernel.php(121): Illuminate\Console\Application->run()
#35 /var/www/october/artisan(35): Illuminate\Foundation\Console\Kernel->handle()
#36 {main}

Next Doctrine\DBAL\Driver\PDOException: SQLSTATE[HY000] [1049] Unknown database 'database' in /var/www/october/vendor/doctrine/dbal/lib/Doctrine/DBAL/Driver/PDOConnection.php:47
Stack trace:
#0 /var/www/october/vendor/laravel/framework/src/Illuminate/Database/Connectors/Connector.php(64): Doctrine\DBAL\Driver\PDOConnection->__construct()
#1 /var/www/october/vendor/laravel/framework/src/Illuminate/Database/Connectors/Connector.php(43): Illuminate\Database\Connectors\Connector->createPdoConnection()
#2 /var/www/october/vendor/laravel/framework/src/Illuminate/Database/Connectors/MySqlConnector.php(24): Illuminate\Database\Connectors\Connector->createConnection()
#3 /var/www/october/vendor/october/rain/src/Database/Connectors/ConnectionFactory.php(29): Illuminate\Database\Connectors\MySqlConnector->connect()
#4 [internal function]: October\Rain\Database\Connectors\ConnectionFactory->October\Rain\Database\Connectors\{closure}()
#5 /var/www/october/vendor/laravel/framework/src/Illuminate/Database/Connection.php(915): call_user_func()
#6 /var/www/october/vendor/laravel/framework/src/Illuminate/Database/Connection.php(940): Illuminate\Database\Connection->getPdo()
#7 /var/www/october/vendor/laravel/framework/src/Illuminate/Database/Connection.php(399): Illuminate\Database\Connection->getReadPdo()
#8 /var/www/october/vendor/laravel/framework/src/Illuminate/Database/Connection.php(325): Illuminate\Database\Connection->getPdoForSelect()
#9 /var/www/october/vendor/laravel/framework/src/Illuminate/Database/Connection.php(657): Illuminate\Database\Connection->Illuminate\Database\{closure}()
#10 /var/www/october/vendor/laravel/framework/src/Illuminate/Database/Connection.php(624): Illuminate\Database\Connection->runQueryCallback()
#11 /var/www/october/vendor/laravel/framework/src/Illuminate/Database/Connection.php(333): Illuminate\Database\Connection->run()
#12 /var/www/october/vendor/laravel/framework/src/Illuminate/Database/Query/Builder.php(1719): Illuminate\Database\Connection->select()
#13 /var/www/october/vendor/laravel/framework/src/Illuminate/Database/Query/Builder.php(1704): Illuminate\Database\Query\Builder->runSelect()
#14 /var/www/october/vendor/october/rain/src/Database/QueryBuilder.php(122): Illuminate\Database\Query\Builder->get()
#15 /var/www/october/vendor/october/rain/src/Database/QueryBuilder.php(92): October\Rain\Database\QueryBuilder->getDuplicateCached()
#16 /var/www/october/vendor/laravel/framework/src/Illuminate/Database/Eloquent/Builder.php(481): October\Rain\Database\QueryBuilder->get()
#17 /var/www/october/vendor/laravel/framework/src/Illuminate/Database/Eloquent/Builder.php(465): Illuminate\Database\Eloquent\Builder->getModels()
#18 /var/www/october/vendor/laravel/framework/src/Illuminate/Database/Eloquent/Model.php(360): Illuminate\Database\Eloquent\Builder->get()
#19 /var/www/october/modules/system/classes/UpdateManager.php(222): Illuminate\Database\Eloquent\Model::all()
#20 /var/www/october/modules/system/console/OctoberUpdate.php(58): System\Classes\UpdateManager->requestUpdateList()
#21 [internal function]: System\Console\OctoberUpdate->handle()
#22 /var/www/october/vendor/laravel/framework/src/Illuminate/Container/BoundMethod.php(29): call_user_func_array()
#23 /var/www/october/vendor/laravel/framework/src/Illuminate/Container/BoundMethod.php(87): Illuminate\Container\BoundMethod::Illuminate\Container\{closure}()
#24 /var/www/october/vendor/laravel/framework/src/Illuminate/Container/BoundMethod.php(31): Illuminate\Container\BoundMethod::callBoundMethod()
#25 /var/www/october/vendor/laravel/framework/src/Illuminate/Container/Container.php(549): Illuminate\Container\BoundMethod::call()
#26 /var/www/october/vendor/laravel/framework/src/Illuminate/Console/Command.php(183): Illuminate\Container\Container->call()
#27 /var/www/october/vendor/symfony/console/Command/Command.php(255): Illuminate\Console\Command->execute()
#28 /var/www/october/vendor/laravel/framework/src/Illuminate/Console/Command.php(170): Symfony\Component\Console\Command\Command->run()
#29 /var/www/october/vendor/symfony/console/Application.php(987): Illuminate\Console\Command->run()
#30 /var/www/october/vendor/symfony/console/Application.php(255): Symfony\Component\Console\Application->doRunCommand()
#31 /var/www/october/vendor/symfony/console/Application.php(148): Symfony\Component\Console\Application->doRun()
#32 /var/www/october/vendor/laravel/framework/src/Illuminate/Console/Application.php(88): Symfony\Component\Console\Application->run()
#33 /var/www/october/vendor/laravel/framework/src/Illuminate/Foundation/Console/Kernel.php(121): Illuminate\Console\Application->run()
#34 /var/www/october/artisan(35): Illuminate\Foundation\Console\Kernel->handle()
#35 {main}

Next Illuminate\Database\QueryException: SQLSTATE[HY000] [1049] Unknown database 'database' (SQL: select * from `system_plugin_versions`) in /var/www/october/vendor/laravel/framework/src/Illuminate/Database/Connection.php:664
Stack trace:
#0 /var/www/october/vendor/laravel/framework/src/Illuminate/Database/Connection.php(624): Illuminate\Database\Connection->runQueryCallback()
#1 /var/www/october/vendor/laravel/framework/src/Illuminate/Database/Connection.php(333): Illuminate\Database\Connection->run()
#2 /var/www/october/vendor/laravel/framework/src/Illuminate/Database/Query/Builder.php(1719): Illuminate\Database\Connection->select()
#3 /var/www/october/vendor/laravel/framework/src/Illuminate/Database/Query/Builder.php(1704): Illuminate\Database\Query\Builder->runSelect()
#4 /var/www/october/vendor/october/rain/src/Database/QueryBuilder.php(122): Illuminate\Database\Query\Builder->get()
#5 /var/www/october/vendor/october/rain/src/Database/QueryBuilder.php(92): October\Rain\Database\QueryBuilder->getDuplicateCached()
#6 /var/www/october/vendor/laravel/framework/src/Illuminate/Database/Eloquent/Builder.php(481): October\Rain\Database\QueryBuilder->get()
#7 /var/www/october/vendor/laravel/framework/src/Illuminate/Database/Eloquent/Builder.php(465): Illuminate\Database\Eloquent\Builder->getModels()
#8 /var/www/october/vendor/laravel/framework/src/Illuminate/Database/Eloquent/Model.php(360): Illuminate\Database\Eloquent\Builder->get()
#9 /var/www/october/modules/system/classes/UpdateManager.php(222): Illuminate\Database\Eloquent\Model::all()
#10 /var/www/october/modules/system/console/OctoberUpdate.php(58): System\Classes\UpdateManager->requestUpdateList()
#11 [internal function]: System\Console\OctoberUpdate->handle()
#12 /var/www/october/vendor/laravel/framework/src/Illuminate/Container/BoundMethod.php(29): call_user_func_array()
#13 /var/www/october/vendor/laravel/framework/src/Illuminate/Container/BoundMethod.php(87): Illuminate\Container\BoundMethod::Illuminate\Container\{closure}()
#14 /var/www/october/vendor/laravel/framework/src/Illuminate/Container/BoundMethod.php(31): Illuminate\Container\BoundMethod::callBoundMethod()
#15 /var/www/october/vendor/laravel/framework/src/Illuminate/Container/Container.php(549): Illuminate\Container\BoundMethod::call()
#16 /var/www/october/vendor/laravel/framework/src/Illuminate/Console/Command.php(183): Illuminate\Container\Container->call()
#17 /var/www/october/vendor/symfony/console/Command/Command.php(255): Illuminate\Console\Command->execute()
#18 /var/www/october/vendor/laravel/framework/src/Illuminate/Console/Command.php(170): Symfony\Component\Console\Command\Command->run()
#19 /var/www/october/vendor/symfony/console/Application.php(987): Illuminate\Console\Command->run()
#20 /var/www/october/vendor/symfony/console/Application.php(255): Symfony\Component\Console\Application->doRunCommand()
#21 /var/www/october/vendor/symfony/console/Application.php(148): Symfony\Component\Console\Application->doRun()
#22 /var/www/october/vendor/laravel/framework/src/Illuminate/Console/Application.php(88): Symfony\Component\Console\Application->run()
#23 /var/www/october/vendor/laravel/framework/src/Illuminate/Foundation/Console/Kernel.php(121): Illuminate\Console\Application->run()
#24 /var/www/october/artisan(35): Illuminate\Foundation\Console\Kernel->handle()
#25 {main}  
[2020-07-17 20:01:13] development.ERROR: PDOException: SQLSTATE[HY000] [1049] Unknown database 'database' in /var/www/october/vendor/doctrine/dbal/lib/Doctrine/DBAL/Driver/PDOConnection.php:43
Stack trace:
#0 /var/www/october/vendor/doctrine/dbal/lib/Doctrine/DBAL/Driver/PDOConnection.php(43): PDO->__construct()
#1 /var/www/october/vendor/laravel/framework/src/Illuminate/Database/Connectors/Connector.php(64): Doctrine\DBAL\Driver\PDOConnection->__construct()
#2 /var/www/october/vendor/laravel/framework/src/Illuminate/Database/Connectors/Connector.php(43): Illuminate\Database\Connectors\Connector->createPdoConnection()
#3 /var/www/october/vendor/laravel/framework/src/Illuminate/Database/Connectors/MySqlConnector.php(24): Illuminate\Database\Connectors\Connector->createConnection()
#4 /var/www/october/vendor/october/rain/src/Database/Connectors/ConnectionFactory.php(29): Illuminate\Database\Connectors\MySqlConnector->connect()
#5 [internal function]: October\Rain\Database\Connectors\ConnectionFactory->October\Rain\Database\Connectors\{closure}()
#6 /var/www/october/vendor/laravel/framework/src/Illuminate/Database/Connection.php(915): call_user_func()
#7 /var/www/october/vendor/laravel/framework/src/Illuminate/Database/Connection.php(940): Illuminate\Database\Connection->getPdo()
#8 /var/www/october/vendor/laravel/framework/src/Illuminate/Database/Connection.php(399): Illuminate\Database\Connection->getReadPdo()
#9 /var/www/october/vendor/laravel/framework/src/Illuminate/Database/Connection.php(325): Illuminate\Database\Connection->getPdoForSelect()
#10 /var/www/october/vendor/laravel/framework/src/Illuminate/Database/Connection.php(657): Illuminate\Database\Connection->Illuminate\Database\{closure}()
#11 /var/www/october/vendor/laravel/framework/src/Illuminate/Database/Connection.php(624): Illuminate\Database\Connection->runQueryCallback()
#12 /var/www/october/vendor/laravel/framework/src/Illuminate/Database/Connection.php(333): Illuminate\Database\Connection->run()
#13 /var/www/october/vendor/laravel/framework/src/Illuminate/Database/Schema/MySqlBuilder.php(18): Illuminate\Database\Connection->select()
#14 /var/www/october/vendor/laravel/framework/src/Illuminate/Support/Facades/Facade.php(221): Illuminate\Database\Schema\MySqlBuilder->hasTable()
#15 /var/www/october/modules/system/classes/UpdateManager.php(135): Illuminate\Support\Facades\Facade::__callStatic()
#16 /var/www/october/modules/system/console/OctoberUp.php(35): System\Classes\UpdateManager->update()
#17 [internal function]: System\Console\OctoberUp->handle()
#18 /var/www/october/vendor/laravel/framework/src/Illuminate/Container/BoundMethod.php(29): call_user_func_array()
#19 /var/www/october/vendor/laravel/framework/src/Illuminate/Container/BoundMethod.php(87): Illuminate\Container\BoundMethod::Illuminate\Container\{closure}()
#20 /var/www/october/vendor/laravel/framework/src/Illuminate/Container/BoundMethod.php(31): Illuminate\Container\BoundMethod::callBoundMethod()
#21 /var/www/october/vendor/laravel/framework/src/Illuminate/Container/Container.php(549): Illuminate\Container\BoundMethod::call()
#22 /var/www/october/vendor/laravel/framework/src/Illuminate/Console/Command.php(183): Illuminate\Container\Container->call()
#23 /var/www/october/vendor/symfony/console/Command/Command.php(255): Illuminate\Console\Command->execute()
#24 /var/www/october/vendor/laravel/framework/src/Illuminate/Console/Command.php(170): Symfony\Component\Console\Command\Command->run()
#25 /var/www/october/vendor/symfony/console/Application.php(987): Illuminate\Console\Command->run()
#26 /var/www/october/vendor/symfony/console/Application.php(255): Symfony\Component\Console\Application->doRunCommand()
#27 /var/www/october/vendor/symfony/console/Application.php(148): Symfony\Component\Console\Application->doRun()
#28 /var/www/october/vendor/laravel/framework/src/Illuminate/Console/Application.php(88): Symfony\Component\Console\Application->run()
#29 /var/www/october/vendor/laravel/framework/src/Illuminate/Foundation/Console/Kernel.php(121): Illuminate\Console\Application->run()
#30 /var/www/october/artisan(35): Illuminate\Foundation\Console\Kernel->handle()
#31 {main}

Next Doctrine\DBAL\Driver\PDOException: SQLSTATE[HY000] [1049] Unknown database 'database' in /var/www/october/vendor/doctrine/dbal/lib/Doctrine/DBAL/Driver/PDOConnection.php:47
Stack trace:
#0 /var/www/october/vendor/laravel/framework/src/Illuminate/Database/Connectors/Connector.php(64): Doctrine\DBAL\Driver\PDOConnection->__construct()
#1 /var/www/october/vendor/laravel/framework/src/Illuminate/Database/Connectors/Connector.php(43): Illuminate\Database\Connectors\Connector->createPdoConnection()
#2 /var/www/october/vendor/laravel/framework/src/Illuminate/Database/Connectors/MySqlConnector.php(24): Illuminate\Database\Connectors\Connector->createConnection()
#3 /var/www/october/vendor/october/rain/src/Database/Connectors/ConnectionFactory.php(29): Illuminate\Database\Connectors\MySqlConnector->connect()
#4 [internal function]: October\Rain\Database\Connectors\ConnectionFactory->October\Rain\Database\Connectors\{closure}()
#5 /var/www/october/vendor/laravel/framework/src/Illuminate/Database/Connection.php(915): call_user_func()
#6 /var/www/october/vendor/laravel/framework/src/Illuminate/Database/Connection.php(940): Illuminate\Database\Connection->getPdo()
#7 /var/www/october/vendor/laravel/framework/src/Illuminate/Database/Connection.php(399): Illuminate\Database\Connection->getReadPdo()
#8 /var/www/october/vendor/laravel/framework/src/Illuminate/Database/Connection.php(325): Illuminate\Database\Connection->getPdoForSelect()
#9 /var/www/october/vendor/laravel/framework/src/Illuminate/Database/Connection.php(657): Illuminate\Database\Connection->Illuminate\Database\{closure}()
#10 /var/www/october/vendor/laravel/framework/src/Illuminate/Database/Connection.php(624): Illuminate\Database\Connection->runQueryCallback()
#11 /var/www/october/vendor/laravel/framework/src/Illuminate/Database/Connection.php(333): Illuminate\Database\Connection->run()
#12 /var/www/october/vendor/laravel/framework/src/Illuminate/Database/Schema/MySqlBuilder.php(18): Illuminate\Database\Connection->select()
#13 /var/www/october/vendor/laravel/framework/src/Illuminate/Support/Facades/Facade.php(221): Illuminate\Database\Schema\MySqlBuilder->hasTable()
#14 /var/www/october/modules/system/classes/UpdateManager.php(135): Illuminate\Support\Facades\Facade::__callStatic()
#15 /var/www/october/modules/system/console/OctoberUp.php(35): System\Classes\UpdateManager->update()
#16 [internal function]: System\Console\OctoberUp->handle()
#17 /var/www/october/vendor/laravel/framework/src/Illuminate/Container/BoundMethod.php(29): call_user_func_array()
#18 /var/www/october/vendor/laravel/framework/src/Illuminate/Container/BoundMethod.php(87): Illuminate\Container\BoundMethod::Illuminate\Container\{closure}()
#19 /var/www/october/vendor/laravel/framework/src/Illuminate/Container/BoundMethod.php(31): Illuminate\Container\BoundMethod::callBoundMethod()
#20 /var/www/october/vendor/laravel/framework/src/Illuminate/Container/Container.php(549): Illuminate\Container\BoundMethod::call()
#21 /var/www/october/vendor/laravel/framework/src/Illuminate/Console/Command.php(183): Illuminate\Container\Container->call()
#22 /var/www/october/vendor/symfony/console/Command/Command.php(255): Illuminate\Console\Command->execute()
#23 /var/www/october/vendor/laravel/framework/src/Illuminate/Console/Command.php(170): Symfony\Component\Console\Command\Command->run()
#24 /var/www/october/vendor/symfony/console/Application.php(987): Illuminate\Console\Command->run()
#25 /var/www/october/vendor/symfony/console/Application.php(255): Symfony\Component\Console\Application->doRunCommand()
#26 /var/www/october/vendor/symfony/console/Application.php(148): Symfony\Component\Console\Application->doRun()
#27 /var/www/october/vendor/laravel/framework/src/Illuminate/Console/Application.php(88): Symfony\Component\Console\Application->run()
#28 /var/www/october/vendor/laravel/framework/src/Illuminate/Foundation/Console/Kernel.php(121): Illuminate\Console\Application->run()
#29 /var/www/october/artisan(35): Illuminate\Foundation\Console\Kernel->handle()
#30 {main}

Next Illuminate\Database\QueryException: SQLSTATE[HY000] [1049] Unknown database 'database' (SQL: select * from information_schema.tables where table_schema = database and table_name = migrations) in /var/www/october/vendor/laravel/framework/src/Illuminate/Database/Connection.php:664
Stack trace:
#0 /var/www/october/vendor/laravel/framework/src/Illuminate/Database/Connection.php(624): Illuminate\Database\Connection->runQueryCallback()
#1 /var/www/october/vendor/laravel/framework/src/Illuminate/Database/Connection.php(333): Illuminate\Database\Connection->run()
#2 /var/www/october/vendor/laravel/framework/src/Illuminate/Database/Schema/MySqlBuilder.php(18): Illuminate\Database\Connection->select()
#3 /var/www/october/vendor/laravel/framework/src/Illuminate/Support/Facades/Facade.php(221): Illuminate\Database\Schema\MySqlBuilder->hasTable()
#4 /var/www/october/modules/system/classes/UpdateManager.php(135): Illuminate\Support\Facades\Facade::__callStatic()
#5 /var/www/october/modules/system/console/OctoberUp.php(35): System\Classes\UpdateManager->update()
#6 [internal function]: System\Console\OctoberUp->handle()
#7 /var/www/october/vendor/laravel/framework/src/Illuminate/Container/BoundMethod.php(29): call_user_func_array()
#8 /var/www/october/vendor/laravel/framework/src/Illuminate/Container/BoundMethod.php(87): Illuminate\Container\BoundMethod::Illuminate\Container\{closure}()
#9 /var/www/october/vendor/laravel/framework/src/Illuminate/Container/BoundMethod.php(31): Illuminate\Container\BoundMethod::callBoundMethod()
#10 /var/www/october/vendor/laravel/framework/src/Illuminate/Container/Container.php(549): Illuminate\Container\BoundMethod::call()
#11 /var/www/october/vendor/laravel/framework/src/Illuminate/Console/Command.php(183): Illuminate\Container\Container->call()
#12 /var/www/october/vendor/symfony/console/Command/Command.php(255): Illuminate\Console\Command->execute()
#13 /var/www/october/vendor/laravel/framework/src/Illuminate/Console/Command.php(170): Symfony\Component\Console\Command\Command->run()
#14 /var/www/october/vendor/symfony/console/Application.php(987): Illuminate\Console\Command->run()
#15 /var/www/october/vendor/symfony/console/Application.php(255): Symfony\Component\Console\Application->doRunCommand()
#16 /var/www/october/vendor/symfony/console/Application.php(148): Symfony\Component\Console\Application->doRun()
#17 /var/www/october/vendor/laravel/framework/src/Illuminate/Console/Application.php(88): Symfony\Component\Console\Application->run()
#18 /var/www/october/vendor/laravel/framework/src/Illuminate/Foundation/Console/Kernel.php(121): Illuminate\Console\Application->run()
#19 /var/www/october/artisan(35): Illuminate\Foundation\Console\Kernel->handle()
#20 {main}  
[2020-07-17 20:36:28] development.ERROR: InvalidArgumentException: There are no commands defined in the "util" namespace.

Did you mean one of these?
    october:util set build
    october:util compile js
    october:util compile less
    october:util compile scss
    october:util compile assets
    october:util compile lang
    october:util purge thumbs
    october:util purge uploads
    october:util purge orphans
    october:util git pull
    october:util set project in /var/www/october/modules/system/console/OctoberUtil.php:73
Stack trace:
#0 [internal function]: System\Console\OctoberUtil->handle()
#1 /var/www/october/vendor/laravel/framework/src/Illuminate/Container/BoundMethod.php(29): call_user_func_array()
#2 /var/www/october/vendor/laravel/framework/src/Illuminate/Container/BoundMethod.php(87): Illuminate\Container\BoundMethod::Illuminate\Container\{closure}()
#3 /var/www/october/vendor/laravel/framework/src/Illuminate/Container/BoundMethod.php(31): Illuminate\Container\BoundMethod::callBoundMethod()
#4 /var/www/october/vendor/laravel/framework/src/Illuminate/Container/Container.php(549): Illuminate\Container\BoundMethod::call()
#5 /var/www/october/vendor/laravel/framework/src/Illuminate/Console/Command.php(183): Illuminate\Container\Container->call()
#6 /var/www/october/vendor/symfony/console/Command/Command.php(255): Illuminate\Console\Command->execute()
#7 /var/www/october/vendor/laravel/framework/src/Illuminate/Console/Command.php(170): Symfony\Component\Console\Command\Command->run()
#8 /var/www/october/vendor/symfony/console/Application.php(987): Illuminate\Console\Command->run()
#9 /var/www/october/vendor/symfony/console/Application.php(255): Symfony\Component\Console\Application->doRunCommand()
#10 /var/www/october/vendor/symfony/console/Application.php(148): Symfony\Component\Console\Application->doRun()
#11 /var/www/october/vendor/laravel/framework/src/Illuminate/Console/Application.php(88): Symfony\Component\Console\Application->run()
#12 /var/www/october/vendor/laravel/framework/src/Illuminate/Foundation/Console/Kernel.php(121): Illuminate\Console\Application->run()
#13 /var/www/october/artisan(35): Illuminate\Foundation\Console\Kernel->handle()
#14 {main}  
[2020-07-17 20:45:38] development.ERROR: PDOException: SQLSTATE[HY000] [1698] Access denied for user ''@'localhost' in /var/www/october/vendor/doctrine/dbal/lib/Doctrine/DBAL/Driver/PDOConnection.php:43
Stack trace:
#0 /var/www/october/vendor/doctrine/dbal/lib/Doctrine/DBAL/Driver/PDOConnection.php(43): PDO->__construct()
#1 /var/www/october/vendor/laravel/framework/src/Illuminate/Database/Connectors/Connector.php(64): Doctrine\DBAL\Driver\PDOConnection->__construct()
#2 /var/www/october/vendor/laravel/framework/src/Illuminate/Database/Connectors/Connector.php(43): Illuminate\Database\Connectors\Connector->createPdoConnection()
#3 /var/www/october/vendor/laravel/framework/src/Illuminate/Database/Connectors/MySqlConnector.php(24): Illuminate\Database\Connectors\Connector->createConnection()
#4 /var/www/october/vendor/october/rain/src/Database/Connectors/ConnectionFactory.php(29): Illuminate\Database\Connectors\MySqlConnector->connect()
#5 [internal function]: October\Rain\Database\Connectors\ConnectionFactory->October\Rain\Database\Connectors\{closure}()
#6 /var/www/october/vendor/laravel/framework/src/Illuminate/Database/Connection.php(915): call_user_func()
#7 /var/www/october/vendor/laravel/framework/src/Illuminate/Database/Connection.php(940): Illuminate\Database\Connection->getPdo()
#8 /var/www/october/vendor/laravel/framework/src/Illuminate/Database/Connection.php(399): Illuminate\Database\Connection->getReadPdo()
#9 /var/www/october/vendor/laravel/framework/src/Illuminate/Database/Connection.php(325): Illuminate\Database\Connection->getPdoForSelect()
#10 /var/www/october/vendor/laravel/framework/src/Illuminate/Database/Connection.php(657): Illuminate\Database\Connection->Illuminate\Database\{closure}()
#11 /var/www/october/vendor/laravel/framework/src/Illuminate/Database/Connection.php(624): Illuminate\Database\Connection->runQueryCallback()
#12 /var/www/october/vendor/laravel/framework/src/Illuminate/Database/Connection.php(333): Illuminate\Database\Connection->run()
#13 /var/www/october/vendor/laravel/framework/src/Illuminate/Database/Schema/MySqlBuilder.php(18): Illuminate\Database\Connection->select()
#14 /var/www/october/vendor/laravel/framework/src/Illuminate/Support/Facades/Facade.php(221): Illuminate\Database\Schema\MySqlBuilder->hasTable()
#15 /var/www/october/modules/system/classes/UpdateManager.php(135): Illuminate\Support\Facades\Facade::__callStatic()
#16 /var/www/october/modules/system/console/OctoberUp.php(35): System\Classes\UpdateManager->update()
#17 [internal function]: System\Console\OctoberUp->handle()
#18 /var/www/october/vendor/laravel/framework/src/Illuminate/Container/BoundMethod.php(29): call_user_func_array()
#19 /var/www/october/vendor/laravel/framework/src/Illuminate/Container/BoundMethod.php(87): Illuminate\Container\BoundMethod::Illuminate\Container\{closure}()
#20 /var/www/october/vendor/laravel/framework/src/Illuminate/Container/BoundMethod.php(31): Illuminate\Container\BoundMethod::callBoundMethod()
#21 /var/www/october/vendor/laravel/framework/src/Illuminate/Container/Container.php(549): Illuminate\Container\BoundMethod::call()
#22 /var/www/october/vendor/laravel/framework/src/Illuminate/Console/Command.php(183): Illuminate\Container\Container->call()
#23 /var/www/october/vendor/symfony/console/Command/Command.php(255): Illuminate\Console\Command->execute()
#24 /var/www/october/vendor/laravel/framework/src/Illuminate/Console/Command.php(170): Symfony\Component\Console\Command\Command->run()
#25 /var/www/october/vendor/symfony/console/Application.php(987): Illuminate\Console\Command->run()
#26 /var/www/october/vendor/symfony/console/Application.php(255): Symfony\Component\Console\Application->doRunCommand()
#27 /var/www/october/vendor/symfony/console/Application.php(148): Symfony\Component\Console\Application->doRun()
#28 /var/www/october/vendor/laravel/framework/src/Illuminate/Console/Application.php(88): Symfony\Component\Console\Application->run()
#29 /var/www/october/vendor/laravel/framework/src/Illuminate/Foundation/Console/Kernel.php(121): Illuminate\Console\Application->run()
#30 /var/www/october/artisan(35): Illuminate\Foundation\Console\Kernel->handle()
#31 {main}

Next Doctrine\DBAL\Driver\PDOException: SQLSTATE[HY000] [1698] Access denied for user ''@'localhost' in /var/www/october/vendor/doctrine/dbal/lib/Doctrine/DBAL/Driver/PDOConnection.php:47
Stack trace:
#0 /var/www/october/vendor/laravel/framework/src/Illuminate/Database/Connectors/Connector.php(64): Doctrine\DBAL\Driver\PDOConnection->__construct()
#1 /var/www/october/vendor/laravel/framework/src/Illuminate/Database/Connectors/Connector.php(43): Illuminate\Database\Connectors\Connector->createPdoConnection()
#2 /var/www/october/vendor/laravel/framework/src/Illuminate/Database/Connectors/MySqlConnector.php(24): Illuminate\Database\Connectors\Connector->createConnection()
#3 /var/www/october/vendor/october/rain/src/Database/Connectors/ConnectionFactory.php(29): Illuminate\Database\Connectors\MySqlConnector->connect()
#4 [internal function]: October\Rain\Database\Connectors\ConnectionFactory->October\Rain\Database\Connectors\{closure}()
#5 /var/www/october/vendor/laravel/framework/src/Illuminate/Database/Connection.php(915): call_user_func()
#6 /var/www/october/vendor/laravel/framework/src/Illuminate/Database/Connection.php(940): Illuminate\Database\Connection->getPdo()
#7 /var/www/october/vendor/laravel/framework/src/Illuminate/Database/Connection.php(399): Illuminate\Database\Connection->getReadPdo()
#8 /var/www/october/vendor/laravel/framework/src/Illuminate/Database/Connection.php(325): Illuminate\Database\Connection->getPdoForSelect()
#9 /var/www/october/vendor/laravel/framework/src/Illuminate/Database/Connection.php(657): Illuminate\Database\Connection->Illuminate\Database\{closure}()
#10 /var/www/october/vendor/laravel/framework/src/Illuminate/Database/Connection.php(624): Illuminate\Database\Connection->runQueryCallback()
#11 /var/www/october/vendor/laravel/framework/src/Illuminate/Database/Connection.php(333): Illuminate\Database\Connection->run()
#12 /var/www/october/vendor/laravel/framework/src/Illuminate/Database/Schema/MySqlBuilder.php(18): Illuminate\Database\Connection->select()
#13 /var/www/october/vendor/laravel/framework/src/Illuminate/Support/Facades/Facade.php(221): Illuminate\Database\Schema\MySqlBuilder->hasTable()
#14 /var/www/october/modules/system/classes/UpdateManager.php(135): Illuminate\Support\Facades\Facade::__callStatic()
#15 /var/www/october/modules/system/console/OctoberUp.php(35): System\Classes\UpdateManager->update()
#16 [internal function]: System\Console\OctoberUp->handle()
#17 /var/www/october/vendor/laravel/framework/src/Illuminate/Container/BoundMethod.php(29): call_user_func_array()
#18 /var/www/october/vendor/laravel/framework/src/Illuminate/Container/BoundMethod.php(87): Illuminate\Container\BoundMethod::Illuminate\Container\{closure}()
#19 /var/www/october/vendor/laravel/framework/src/Illuminate/Container/BoundMethod.php(31): Illuminate\Container\BoundMethod::callBoundMethod()
#20 /var/www/october/vendor/laravel/framework/src/Illuminate/Container/Container.php(549): Illuminate\Container\BoundMethod::call()
#21 /var/www/october/vendor/laravel/framework/src/Illuminate/Console/Command.php(183): Illuminate\Container\Container->call()
#22 /var/www/october/vendor/symfony/console/Command/Command.php(255): Illuminate\Console\Command->execute()
#23 /var/www/october/vendor/laravel/framework/src/Illuminate/Console/Command.php(170): Symfony\Component\Console\Command\Command->run()
#24 /var/www/october/vendor/symfony/console/Application.php(987): Illuminate\Console\Command->run()
#25 /var/www/october/vendor/symfony/console/Application.php(255): Symfony\Component\Console\Application->doRunCommand()
#26 /var/www/october/vendor/symfony/console/Application.php(148): Symfony\Component\Console\Application->doRun()
#27 /var/www/october/vendor/laravel/framework/src/Illuminate/Console/Application.php(88): Symfony\Component\Console\Application->run()
#28 /var/www/october/vendor/laravel/framework/src/Illuminate/Foundation/Console/Kernel.php(121): Illuminate\Console\Application->run()
#29 /var/www/october/artisan(35): Illuminate\Foundation\Console\Kernel->handle()
#30 {main}

Next Illuminate\Database\QueryException: SQLSTATE[HY000] [1698] Access denied for user ''@'localhost' (SQL: select * from information_schema.tables where table_schema = database and table_name = migrations) in /var/www/october/vendor/laravel/framework/src/Illuminate/Database/Connection.php:664
Stack trace:
#0 /var/www/october/vendor/laravel/framework/src/Illuminate/Database/Connection.php(624): Illuminate\Database\Connection->runQueryCallback()
#1 /var/www/october/vendor/laravel/framework/src/Illuminate/Database/Connection.php(333): Illuminate\Database\Connection->run()
#2 /var/www/october/vendor/laravel/framework/src/Illuminate/Database/Schema/MySqlBuilder.php(18): Illuminate\Database\Connection->select()
#3 /var/www/october/vendor/laravel/framework/src/Illuminate/Support/Facades/Facade.php(221): Illuminate\Database\Schema\MySqlBuilder->hasTable()
#4 /var/www/october/modules/system/classes/UpdateManager.php(135): Illuminate\Support\Facades\Facade::__callStatic()
#5 /var/www/october/modules/system/console/OctoberUp.php(35): System\Classes\UpdateManager->update()
#6 [internal function]: System\Console\OctoberUp->handle()
#7 /var/www/october/vendor/laravel/framework/src/Illuminate/Container/BoundMethod.php(29): call_user_func_array()
#8 /var/www/october/vendor/laravel/framework/src/Illuminate/Container/BoundMethod.php(87): Illuminate\Container\BoundMethod::Illuminate\Container\{closure}()
#9 /var/www/october/vendor/laravel/framework/src/Illuminate/Container/BoundMethod.php(31): Illuminate\Container\BoundMethod::callBoundMethod()
#10 /var/www/october/vendor/laravel/framework/src/Illuminate/Container/Container.php(549): Illuminate\Container\BoundMethod::call()
#11 /var/www/october/vendor/laravel/framework/src/Illuminate/Console/Command.php(183): Illuminate\Container\Container->call()
#12 /var/www/october/vendor/symfony/console/Command/Command.php(255): Illuminate\Console\Command->execute()
#13 /var/www/october/vendor/laravel/framework/src/Illuminate/Console/Command.php(170): Symfony\Component\Console\Command\Command->run()
#14 /var/www/october/vendor/symfony/console/Application.php(987): Illuminate\Console\Command->run()
#15 /var/www/october/vendor/symfony/console/Application.php(255): Symfony\Component\Console\Application->doRunCommand()
#16 /var/www/october/vendor/symfony/console/Application.php(148): Symfony\Component\Console\Application->doRun()
#17 /var/www/october/vendor/laravel/framework/src/Illuminate/Console/Application.php(88): Symfony\Component\Console\Application->run()
#18 /var/www/october/vendor/laravel/framework/src/Illuminate/Foundation/Console/Kernel.php(121): Illuminate\Console\Application->run()
#19 /var/www/october/artisan(35): Illuminate\Foundation\Console\Kernel->handle()
#20 {main}  
[2020-07-17 20:49:04] development.ERROR: InvalidArgumentException: Database (database) does not exist. in /var/www/october/vendor/laravel/framework/src/Illuminate/Database/Connectors/SQLiteConnector.php:34
Stack trace:
#0 /var/www/october/vendor/laravel/framework/src/Illuminate/Database/Connectors/ConnectionFactory.php(221): Illuminate\Database\Connectors\SQLiteConnector->connect()
#1 [internal function]: Illuminate\Database\Connectors\ConnectionFactory->Illuminate\Database\Connectors\{closure}()
#2 /var/www/october/vendor/laravel/framework/src/Illuminate/Database/Connection.php(915): call_user_func()
#3 /var/www/october/vendor/laravel/framework/src/Illuminate/Database/Connection.php(940): Illuminate\Database\Connection->getPdo()
#4 /var/www/october/vendor/laravel/framework/src/Illuminate/Database/Connection.php(399): Illuminate\Database\Connection->getReadPdo()
#5 /var/www/october/vendor/laravel/framework/src/Illuminate/Database/Connection.php(325): Illuminate\Database\Connection->getPdoForSelect()
#6 /var/www/october/vendor/laravel/framework/src/Illuminate/Database/Connection.php(657): Illuminate\Database\Connection->Illuminate\Database\{closure}()
#7 /var/www/october/vendor/laravel/framework/src/Illuminate/Database/Connection.php(624): Illuminate\Database\Connection->runQueryCallback()
#8 /var/www/october/vendor/laravel/framework/src/Illuminate/Database/Connection.php(333): Illuminate\Database\Connection->run()
#9 /var/www/october/vendor/laravel/framework/src/Illuminate/Database/Schema/Builder.php(73): Illuminate\Database\Connection->select()
#10 /var/www/october/vendor/laravel/framework/src/Illuminate/Support/Facades/Facade.php(221): Illuminate\Database\Schema\Builder->hasTable()
#11 /var/www/october/modules/system/classes/UpdateManager.php(135): Illuminate\Support\Facades\Facade::__callStatic()
#12 /var/www/october/modules/system/console/OctoberUp.php(35): System\Classes\UpdateManager->update()
#13 [internal function]: System\Console\OctoberUp->handle()
#14 /var/www/october/vendor/laravel/framework/src/Illuminate/Container/BoundMethod.php(29): call_user_func_array()
#15 /var/www/october/vendor/laravel/framework/src/Illuminate/Container/BoundMethod.php(87): Illuminate\Container\BoundMethod::Illuminate\Container\{closure}()
#16 /var/www/october/vendor/laravel/framework/src/Illuminate/Container/BoundMethod.php(31): Illuminate\Container\BoundMethod::callBoundMethod()
#17 /var/www/october/vendor/laravel/framework/src/Illuminate/Container/Container.php(549): Illuminate\Container\BoundMethod::call()
#18 /var/www/october/vendor/laravel/framework/src/Illuminate/Console/Command.php(183): Illuminate\Container\Container->call()
#19 /var/www/october/vendor/symfony/console/Command/Command.php(255): Illuminate\Console\Command->execute()
#20 /var/www/october/vendor/laravel/framework/src/Illuminate/Console/Command.php(170): Symfony\Component\Console\Command\Command->run()
#21 /var/www/october/vendor/symfony/console/Application.php(987): Illuminate\Console\Command->run()
#22 /var/www/october/vendor/symfony/console/Application.php(255): Symfony\Component\Console\Application->doRunCommand()
#23 /var/www/october/vendor/symfony/console/Application.php(148): Symfony\Component\Console\Application->doRun()
#24 /var/www/october/vendor/laravel/framework/src/Illuminate/Console/Application.php(88): Symfony\Component\Console\Application->run()
#25 /var/www/october/vendor/laravel/framework/src/Illuminate/Foundation/Console/Kernel.php(121): Illuminate\Console\Application->run()
#26 /var/www/october/artisan(35): Illuminate\Foundation\Console\Kernel->handle()
#27 {main}

Next Illuminate\Database\QueryException: Database (database) does not exist. (SQL: select * from sqlite_master where type = 'table' and name = migrations) in /var/www/october/vendor/laravel/framework/src/Illuminate/Database/Connection.php:664
Stack trace:
#0 /var/www/october/vendor/laravel/framework/src/Illuminate/Database/Connection.php(624): Illuminate\Database\Connection->runQueryCallback()
#1 /var/www/october/vendor/laravel/framework/src/Illuminate/Database/Connection.php(333): Illuminate\Database\Connection->run()
#2 /var/www/october/vendor/laravel/framework/src/Illuminate/Database/Schema/Builder.php(73): Illuminate\Database\Connection->select()
#3 /var/www/october/vendor/laravel/framework/src/Illuminate/Support/Facades/Facade.php(221): Illuminate\Database\Schema\Builder->hasTable()
#4 /var/www/october/modules/system/classes/UpdateManager.php(135): Illuminate\Support\Facades\Facade::__callStatic()
#5 /var/www/october/modules/system/console/OctoberUp.php(35): System\Classes\UpdateManager->update()
#6 [internal function]: System\Console\OctoberUp->handle()
#7 /var/www/october/vendor/laravel/framework/src/Illuminate/Container/BoundMethod.php(29): call_user_func_array()
#8 /var/www/october/vendor/laravel/framework/src/Illuminate/Container/BoundMethod.php(87): Illuminate\Container\BoundMethod::Illuminate\Container\{closure}()
#9 /var/www/october/vendor/laravel/framework/src/Illuminate/Container/BoundMethod.php(31): Illuminate\Container\BoundMethod::callBoundMethod()
#10 /var/www/october/vendor/laravel/framework/src/Illuminate/Container/Container.php(549): Illuminate\Container\BoundMethod::call()
#11 /var/www/october/vendor/laravel/framework/src/Illuminate/Console/Command.php(183): Illuminate\Container\Container->call()
#12 /var/www/october/vendor/symfony/console/Command/Command.php(255): Illuminate\Console\Command->execute()
#13 /var/www/october/vendor/laravel/framework/src/Illuminate/Console/Command.php(170): Symfony\Component\Console\Command\Command->run()
#14 /var/www/october/vendor/symfony/console/Application.php(987): Illuminate\Console\Command->run()
#15 /var/www/october/vendor/symfony/console/Application.php(255): Symfony\Component\Console\Application->doRunCommand()
#16 /var/www/october/vendor/symfony/console/Application.php(148): Symfony\Component\Console\Application->doRun()
#17 /var/www/october/vendor/laravel/framework/src/Illuminate/Console/Application.php(88): Symfony\Component\Console\Application->run()
#18 /var/www/october/vendor/laravel/framework/src/Illuminate/Foundation/Console/Kernel.php(121): Illuminate\Console\Application->run()
#19 /var/www/october/artisan(35): Illuminate\Foundation\Console\Kernel->handle()
#20 {main}  
